info it worked if it ends with ok
verbose cli [ 'node', '/home/mike/.nvm/v0.5.8/bin/npm', 'test' ]
info using npm@1.0.30
info using node@v0.5.8
verbose config file /home/mike/.npmrc
verbose config file /home/mike/.nvm/v0.5.8/etc/npmrc
silly testEngine { author: { name: 'Mike D Pilsbury', email: 'mike.pilsbury@gmail.com' },
silly testEngine   name: 'tedious',
silly testEngine   description: 'A TDS driver, for connecting to MS SQLServer databases.',
silly testEngine   version: '0.0.0',
silly testEngine   repository: { type: 'git', url: 'git://github.com/pekim/tedious.git' },
silly testEngine   engines: { node: '>=0.5.x' },
silly testEngine   dependencies: 
silly testEngine    { buffertools: '1.0.5',
silly testEngine      'coffee-script': '1.1.2',
silly testEngine      sprintf: '0.1.1' },
silly testEngine   devDependencies: { nodeunit: '0.5.5' },
silly testEngine   scripts: { test: 'scripts/tests' },
silly testEngine   _npmJsonOpts: 
silly testEngine    { file: '/home/mike/eclipse/workspace-3.7/tedious-coffee/package.json',
silly testEngine      wscript: false,
silly testEngine      contributors: false,
silly testEngine      serverjs: false },
silly testEngine   _id: 'tedious@0.0.0',
silly testEngine   _engineSupported: true,
silly testEngine   _npmVersion: '1.0.30',
silly testEngine   _nodeVersion: 'v0.5.8',
silly testEngine   _defaultsLoaded: true }
verbose caching /home/mike/eclipse/workspace-3.7/tedious-coffee/package.json
verbose loadDefaults tedious@0.0.0
verbose run-script [ 'pretest', 'test', 'posttest' ]
info pretest tedious@0.0.0
info test tedious@0.0.0
verbose unsafe-perm in lifecycle true
silly exec sh "-c" "scripts/tests"
info tedious@0.0.0 Failed to exec test script
ERR! tedious@0.0.0 test: `scripts/tests`
ERR! `sh "-c" "scripts/tests"` failed with 1
ERR! 
ERR! Failed at the tedious@0.0.0 test script.
ERR! This is most likely a problem with the tedious package,
ERR! not with npm itself.
ERR! Tell the author that this fails on your system:
ERR!     scripts/tests
ERR! You can get their info via:
ERR!     npm owner ls tedious
ERR! There is likely additional logging output above.
ERR! 
ERR! System Linux 2.6.32-33-generic-pae
ERR! command "node" "/home/mike/.nvm/v0.5.8/bin/npm" "test"
ERR! cwd /home/mike/eclipse/workspace-3.7/tedious-coffee
ERR! node -v v0.5.8
ERR! npm -v 1.0.30
verbose exit [ 1, true ]
